<?xml version="1.0" encoding="UTF-8"?>
<coverage generated="1595467159721" clover="3.2.0">
  <project timestamp="1595467159721" name="All files">
    <metrics statements="2" coveredstatements="2" conditionals="0" coveredconditionals="0" methods="2" coveredmethods="2" elements="4" coveredelements="4" complexity="0" loc="2" ncloc="2" packages="1" files="2" classes="2"/>
    <file name="button.js" path="C:\Users\WIN10\A-Tiny-Encyclopaedia\frontend\src\function\button.js">
      <metrics statements="1" coveredstatements="1" conditionals="0" coveredconditionals="0" methods="1" coveredmethods="1"/>
      <line num="5" count="1" type="stmt"/>
    </file>
    <file name="functions.js" path="C:\Users\WIN10\A-Tiny-Encyclopaedia\frontend\src\function\functions.js">
      <metrics statements="1" coveredstatements="1" conditionals="0" coveredconditionals="0" methods="1" coveredmethods="1"/>
      <line num="3" count="1" type="stmt"/>
    </file>
  </project>
</coverage>
