{"C:\\Users\\WIN10\\A-Tiny-Encyclopaedia\\frontend\\src\\function\\button.js": {"path":"C:\\Users\\WIN10\\A-Tiny-Encyclopaedia\\frontend\\src\\function\\button.js","statementMap":{"0":{"start":{"line":5,"column":4},"end":{"line":9,"column":5}}},"fnMap":{"0":{"name":"(anonymous_0)","decl":{"start":{"line":4,"column":2},"end":{"line":4,"column":3}},"loc":{"start":{"line":4,"column":10},"end":{"line":10,"column":3}},"line":4}},"branchMap":{},"s":{"0":1},"f":{"0":1},"b":{},"_coverageSchema":"43e27e138ebf9cfc5966b082cf9a028302ed4184","hash":"1d940c78cd94f9261041d25320d629a96ab08553"}
,"C:\\Users\\WIN10\\A-Tiny-Encyclopaedia\\frontend\\src\\function\\functions.js": {"path":"C:\\Users\\WIN10\\A-Tiny-Encyclopaedia\\frontend\\src\\function\\functions.js","statementMap":{"0":{"start":{"line":3,"column":8},"end":{"line":3,"column":21}}},"fnMap":{"0":{"name":"(anonymous_0)","decl":{"start":{"line":2,"column":4},"end":{"line":2,"column":5}},"loc":{"start":{"line":2,"column":14},"end":{"line":4,"column":5}},"line":2}},"branchMap":{},"s":{"0":1},"f":{"0":1},"b":{},"_coverageSchema":"43e27e138ebf9cfc5966b082cf9a028302ed4184","hash":"cdbd07799d1da644c7763ec080f2290fde78a996"}
}
