{"C:\\Users\\Administrator\\Desktop\\web_proj\\A-Tiny-Encyclopaedia\\frontend\\src\\components\\LoginForm.js": {"path":"C:\\Users\\Administrator\\Desktop\\web_proj\\A-Tiny-Encyclopaedia\\frontend\\src\\components\\LoginForm.js","statementMap":{"0":{"start":{"line":11,"column":19},"end":{"line":13,"column":5}},"1":{"start":{"line":12,"column":8},"end":{"line":12,"column":34}},"2":{"start":{"line":15,"column":15},"end":{"line":18,"column":5}},"3":{"start":{"line":16,"column":8},"end":{"line":16,"column":57}},"4":{"start":{"line":17,"column":8},"end":{"line":17,"column":59}},"5":{"start":{"line":19,"column":19},"end":{"line":22,"column":5}},"6":{"start":{"line":20,"column":8},"end":{"line":20,"column":34}},"7":{"start":{"line":21,"column":8},"end":{"line":21,"column":41}},"8":{"start":{"line":23,"column":17},"end":{"line":26,"column":5}},"9":{"start":{"line":24,"column":8},"end":{"line":25,"column":29}},"10":{"start":{"line":25,"column":12},"end":{"line":25,"column":29}},"11":{"start":{"line":29,"column":8},"end":{"line":96,"column":10}}},"fnMap":{"0":{"name":"(anonymous_0)","decl":{"start":{"line":11,"column":19},"end":{"line":11,"column":20}},"loc":{"start":{"line":11,"column":31},"end":{"line":13,"column":5}},"line":11},"1":{"name":"(anonymous_1)","decl":{"start":{"line":15,"column":15},"end":{"line":15,"column":16}},"loc":{"start":{"line":15,"column":27},"end":{"line":18,"column":5}},"line":15},"2":{"name":"(anonymous_2)","decl":{"start":{"line":19,"column":19},"end":{"line":19,"column":20}},"loc":{"start":{"line":19,"column":25},"end":{"line":22,"column":5}},"line":19},"3":{"name":"(anonymous_3)","decl":{"start":{"line":23,"column":17},"end":{"line":23,"column":18}},"loc":{"start":{"line":23,"column":23},"end":{"line":26,"column":5}},"line":23},"4":{"name":"(anonymous_4)","decl":{"start":{"line":28,"column":4},"end":{"line":28,"column":5}},"loc":{"start":{"line":28,"column":13},"end":{"line":97,"column":5}},"line":28}},"branchMap":{"0":{"loc":{"start":{"line":24,"column":8},"end":{"line":25,"column":29}},"type":"if","locations":[{"start":{"line":24,"column":8},"end":{"line":25,"column":29}},{"start":{"line":24,"column":8},"end":{"line":25,"column":29}}],"line":24}},"s":{"0":2,"1":0,"2":2,"3":0,"4":0,"5":2,"6":0,"7":0,"8":2,"9":0,"10":0,"11":2},"f":{"0":0,"1":0,"2":0,"3":0,"4":2},"b":{"0":[0,0]},"_coverageSchema":"43e27e138ebf9cfc5966b082cf9a028302ed4184","hash":"d30722dfe296ecc209b66a8346ba74dff665603d"}
,"C:\\Users\\Administrator\\Desktop\\web_proj\\A-Tiny-Encyclopaedia\\frontend\\src\\components\\MyFooter.js": {"path":"C:\\Users\\Administrator\\Desktop\\web_proj\\A-Tiny-Encyclopaedia\\frontend\\src\\components\\MyFooter.js","statementMap":{"0":{"start":{"line":5,"column":17},"end":{"line":5,"column":23}},"1":{"start":{"line":11,"column":8},"end":{"line":21,"column":9}}},"fnMap":{"0":{"name":"(anonymous_0)","decl":{"start":{"line":10,"column":4},"end":{"line":10,"column":5}},"loc":{"start":{"line":10,"column":13},"end":{"line":22,"column":5}},"line":10}},"branchMap":{},"s":{"0":1,"1":2},"f":{"0":2},"b":{},"_coverageSchema":"43e27e138ebf9cfc5966b082cf9a028302ed4184","hash":"fdc01d158265e292187b9aa77ed6ca2995f2a004"}
,"C:\\Users\\Administrator\\Desktop\\web_proj\\A-Tiny-Encyclopaedia\\frontend\\src\\services\\userService.js": {"path":"C:\\Users\\Administrator\\Desktop\\web_proj\\A-Tiny-Encyclopaedia\\frontend\\src\\services\\userService.js","statementMap":{"0":{"start":{"line":6,"column":24},"end":{"line":20,"column":1}},"1":{"start":{"line":7,"column":16},"end":{"line":7,"column":48}},"2":{"start":{"line":8,"column":21},"end":{"line":18,"column":5}},"3":{"start":{"line":9,"column":8},"end":{"line":17,"column":9}},"4":{"start":{"line":10,"column":12},"end":{"line":10,"column":57}},"5":{"start":{"line":11,"column":12},"end":{"line":11,"column":35}},"6":{"start":{"line":12,"column":12},"end":{"line":12,"column":38}},"7":{"start":{"line":15,"column":12},"end":{"line":15,"column":57}},"8":{"start":{"line":16,"column":12},"end":{"line":16,"column":36}},"9":{"start":{"line":19,"column":4},"end":{"line":19,"column":37}},"10":{"start":{"line":22,"column":28},"end":{"line":25,"column":1}},"11":{"start":{"line":23,"column":16},"end":{"line":23,"column":99}},"12":{"start":{"line":24,"column":4},"end":{"line":24,"column":40}},"13":{"start":{"line":27,"column":21},"end":{"line":40,"column":1}},"14":{"start":{"line":28,"column":16},"end":{"line":28,"column":52}},"15":{"start":{"line":29,"column":21},"end":{"line":38,"column":5}},"16":{"start":{"line":30,"column":8},"end":{"line":37,"column":9}},"17":{"start":{"line":31,"column":12},"end":{"line":31,"column":68}},"18":{"start":{"line":32,"column":12},"end":{"line":32,"column":30}},"19":{"start":{"line":33,"column":12},"end":{"line":33,"column":38}},"20":{"start":{"line":36,"column":12},"end":{"line":36,"column":36}},"21":{"start":{"line":39,"column":4},"end":{"line":39,"column":37}},"22":{"start":{"line":42,"column":24},"end":{"line":45,"column":1}},"23":{"start":{"line":43,"column":16},"end":{"line":43,"column":48}},"24":{"start":{"line":44,"column":4},"end":{"line":44,"column":37}},"25":{"start":{"line":47,"column":28},"end":{"line":51,"column":1}},"26":{"start":{"line":48,"column":17},"end":{"line":48,"column":54}},"27":{"start":{"line":49,"column":16},"end":{"line":49,"column":52}},"28":{"start":{"line":50,"column":4},"end":{"line":50,"column":35}},"29":{"start":{"line":53,"column":22},"end":{"line":67,"column":1}},"30":{"start":{"line":54,"column":16},"end":{"line":54,"column":46}},"31":{"start":{"line":56,"column":21},"end":{"line":65,"column":5}},"32":{"start":{"line":57,"column":8},"end":{"line":64,"column":9}},"33":{"start":{"line":58,"column":12},"end":{"line":58,"column":44}},"34":{"start":{"line":59,"column":12},"end":{"line":59,"column":35}},"35":{"start":{"line":60,"column":12},"end":{"line":60,"column":38}},"36":{"start":{"line":63,"column":12},"end":{"line":63,"column":36}},"37":{"start":{"line":66,"column":4},"end":{"line":66,"column":35}}},"fnMap":{"0":{"name":"(anonymous_0)","decl":{"start":{"line":6,"column":24},"end":{"line":6,"column":25}},"loc":{"start":{"line":6,"column":34},"end":{"line":20,"column":1}},"line":6},"1":{"name":"(anonymous_1)","decl":{"start":{"line":8,"column":21},"end":{"line":8,"column":22}},"loc":{"start":{"line":8,"column":31},"end":{"line":18,"column":5}},"line":8},"2":{"name":"(anonymous_2)","decl":{"start":{"line":22,"column":28},"end":{"line":22,"column":29}},"loc":{"start":{"line":22,"column":48},"end":{"line":25,"column":1}},"line":22},"3":{"name":"(anonymous_3)","decl":{"start":{"line":27,"column":21},"end":{"line":27,"column":22}},"loc":{"start":{"line":27,"column":31},"end":{"line":40,"column":1}},"line":27},"4":{"name":"(anonymous_4)","decl":{"start":{"line":29,"column":21},"end":{"line":29,"column":22}},"loc":{"start":{"line":29,"column":31},"end":{"line":38,"column":5}},"line":29},"5":{"name":"(anonymous_5)","decl":{"start":{"line":42,"column":24},"end":{"line":42,"column":25}},"loc":{"start":{"line":42,"column":43},"end":{"line":45,"column":1}},"line":42},"6":{"name":"(anonymous_6)","decl":{"start":{"line":47,"column":28},"end":{"line":47,"column":29}},"loc":{"start":{"line":47,"column":61},"end":{"line":51,"column":1}},"line":47},"7":{"name":"(anonymous_7)","decl":{"start":{"line":53,"column":22},"end":{"line":53,"column":23}},"loc":{"start":{"line":53,"column":28},"end":{"line":67,"column":1}},"line":53},"8":{"name":"(anonymous_8)","decl":{"start":{"line":56,"column":21},"end":{"line":56,"column":22}},"loc":{"start":{"line":56,"column":31},"end":{"line":65,"column":5}},"line":56}},"branchMap":{"0":{"loc":{"start":{"line":9,"column":8},"end":{"line":17,"column":9}},"type":"if","locations":[{"start":{"line":9,"column":8},"end":{"line":17,"column":9}},{"start":{"line":9,"column":8},"end":{"line":17,"column":9}}],"line":9},"1":{"loc":{"start":{"line":30,"column":8},"end":{"line":37,"column":9}},"type":"if","locations":[{"start":{"line":30,"column":8},"end":{"line":37,"column":9}},{"start":{"line":30,"column":8},"end":{"line":37,"column":9}}],"line":30},"2":{"loc":{"start":{"line":57,"column":8},"end":{"line":64,"column":9}},"type":"if","locations":[{"start":{"line":57,"column":8},"end":{"line":64,"column":9}},{"start":{"line":57,"column":8},"end":{"line":64,"column":9}}],"line":57}},"s":{"0":1,"1":0,"2":0,"3":0,"4":0,"5":0,"6":0,"7":0,"8":0,"9":0,"10":1,"11":0,"12":0,"13":1,"14":0,"15":0,"16":0,"17":0,"18":0,"19":0,"20":0,"21":0,"22":1,"23":0,"24":0,"25":1,"26":0,"27":0,"28":0,"29":1,"30":0,"31":0,"32":0,"33":0,"34":0,"35":0,"36":0,"37":0},"f":{"0":0,"1":0,"2":0,"3":0,"4":0,"5":0,"6":0,"7":0,"8":0},"b":{"0":[0,0],"1":[0,0],"2":[0,0]},"_coverageSchema":"43e27e138ebf9cfc5966b082cf9a028302ed4184","hash":"e057b0af38461b960659b2b726df14105e8dba92"}
,"C:\\Users\\Administrator\\Desktop\\web_proj\\A-Tiny-Encyclopaedia\\frontend\\src\\utils\\ajax.js": {"path":"C:\\Users\\Administrator\\Desktop\\web_proj\\A-Tiny-Encyclopaedia\\frontend\\src\\utils\\ajax.js","statementMap":{"0":{"start":{"line":3,"column":20},"end":{"line":23,"column":1}},"1":{"start":{"line":4,"column":15},"end":{"line":11,"column":5}},"2":{"start":{"line":12,"column":4},"end":{"line":22,"column":11}},"3":{"start":{"line":14,"column":12},"end":{"line":14,"column":34}},"4":{"start":{"line":17,"column":12},"end":{"line":17,"column":27}},"5":{"start":{"line":20,"column":12},"end":{"line":20,"column":28}},"6":{"start":{"line":21,"column":12},"end":{"line":21,"column":31}},"7":{"start":{"line":25,"column":17},"end":{"line":48,"column":1}},"8":{"start":{"line":27,"column":4},"end":{"line":27,"column":36}},"9":{"start":{"line":28,"column":15},"end":{"line":35,"column":5}},"10":{"start":{"line":36,"column":4},"end":{"line":36,"column":36}},"11":{"start":{"line":37,"column":4},"end":{"line":47,"column":11}},"12":{"start":{"line":39,"column":12},"end":{"line":39,"column":34}},"13":{"start":{"line":42,"column":12},"end":{"line":42,"column":32}},"14":{"start":{"line":45,"column":12},"end":{"line":45,"column":29}},"15":{"start":{"line":46,"column":12},"end":{"line":46,"column":31}},"16":{"start":{"line":50,"column":21},"end":{"line":68,"column":1}},"17":{"start":{"line":52,"column":15},"end":{"line":58,"column":5}},"18":{"start":{"line":60,"column":4},"end":{"line":66,"column":10}},"19":{"start":{"line":63,"column":12},"end":{"line":63,"column":34}},"20":{"start":{"line":64,"column":12},"end":{"line":64,"column":27}},"21":{"start":{"line":70,"column":21},"end":{"line":94,"column":1}},"22":{"start":{"line":71,"column":19},"end":{"line":71,"column":33}},"23":{"start":{"line":73,"column":4},"end":{"line":76,"column":5}},"24":{"start":{"line":74,"column":8},"end":{"line":75,"column":40}},"25":{"start":{"line":75,"column":12},"end":{"line":75,"column":40}},"26":{"start":{"line":78,"column":15},"end":{"line":82,"column":5}},"27":{"start":{"line":84,"column":4},"end":{"line":93,"column":11}},"28":{"start":{"line":86,"column":12},"end":{"line":86,"column":34}},"29":{"start":{"line":89,"column":12},"end":{"line":89,"column":27}},"30":{"start":{"line":92,"column":11},"end":{"line":92,"column":30}},"31":{"start":{"line":96,"column":18},"end":{"line":125,"column":1}},"32":{"start":{"line":98,"column":15},"end":{"line":106,"column":5}},"33":{"start":{"line":108,"column":4},"end":{"line":124,"column":11}},"34":{"start":{"line":112,"column":16},"end":{"line":112,"column":38}},"35":{"start":{"line":120,"column":12},"end":{"line":120,"column":27}},"36":{"start":{"line":123,"column":12},"end":{"line":123,"column":31}}},"fnMap":{"0":{"name":"(anonymous_0)","decl":{"start":{"line":3,"column":20},"end":{"line":3,"column":21}},"loc":{"start":{"line":3,"column":45},"end":{"line":23,"column":1}},"line":3},"1":{"name":"(anonymous_1)","decl":{"start":{"line":13,"column":14},"end":{"line":13,"column":15}},"loc":{"start":{"line":13,"column":28},"end":{"line":15,"column":9}},"line":13},"2":{"name":"(anonymous_2)","decl":{"start":{"line":16,"column":14},"end":{"line":16,"column":15}},"loc":{"start":{"line":16,"column":24},"end":{"line":18,"column":9}},"line":16},"3":{"name":"(anonymous_3)","decl":{"start":{"line":19,"column":15},"end":{"line":19,"column":16}},"loc":{"start":{"line":19,"column":26},"end":{"line":22,"column":9}},"line":19},"4":{"name":"(anonymous_4)","decl":{"start":{"line":25,"column":17},"end":{"line":25,"column":18}},"loc":{"start":{"line":25,"column":42},"end":{"line":48,"column":1}},"line":25},"5":{"name":"(anonymous_5)","decl":{"start":{"line":38,"column":14},"end":{"line":38,"column":15}},"loc":{"start":{"line":38,"column":28},"end":{"line":40,"column":9}},"line":38},"6":{"name":"(anonymous_6)","decl":{"start":{"line":41,"column":14},"end":{"line":41,"column":15}},"loc":{"start":{"line":41,"column":20},"end":{"line":43,"column":9}},"line":41},"7":{"name":"(anonymous_7)","decl":{"start":{"line":44,"column":15},"end":{"line":44,"column":16}},"loc":{"start":{"line":44,"column":26},"end":{"line":47,"column":9}},"line":44},"8":{"name":"(anonymous_8)","decl":{"start":{"line":50,"column":21},"end":{"line":50,"column":22}},"loc":{"start":{"line":50,"column":46},"end":{"line":68,"column":1}},"line":50},"9":{"name":"(anonymous_9)","decl":{"start":{"line":61,"column":14},"end":{"line":61,"column":15}},"loc":{"start":{"line":61,"column":28},"end":{"line":66,"column":9}},"line":61},"10":{"name":"(anonymous_10)","decl":{"start":{"line":70,"column":21},"end":{"line":70,"column":22}},"loc":{"start":{"line":70,"column":46},"end":{"line":94,"column":1}},"line":70},"11":{"name":"(anonymous_11)","decl":{"start":{"line":85,"column":14},"end":{"line":85,"column":15}},"loc":{"start":{"line":85,"column":28},"end":{"line":87,"column":9}},"line":85},"12":{"name":"(anonymous_12)","decl":{"start":{"line":88,"column":14},"end":{"line":88,"column":15}},"loc":{"start":{"line":88,"column":24},"end":{"line":90,"column":9}},"line":88},"13":{"name":"(anonymous_13)","decl":{"start":{"line":91,"column":15},"end":{"line":91,"column":16}},"loc":{"start":{"line":91,"column":26},"end":{"line":93,"column":9}},"line":91},"14":{"name":"(anonymous_14)","decl":{"start":{"line":96,"column":18},"end":{"line":96,"column":19}},"loc":{"start":{"line":96,"column":43},"end":{"line":125,"column":1}},"line":96},"15":{"name":"(anonymous_15)","decl":{"start":{"line":109,"column":14},"end":{"line":109,"column":15}},"loc":{"start":{"line":109,"column":28},"end":{"line":118,"column":9}},"line":109},"16":{"name":"(anonymous_16)","decl":{"start":{"line":119,"column":14},"end":{"line":119,"column":15}},"loc":{"start":{"line":119,"column":24},"end":{"line":121,"column":9}},"line":119},"17":{"name":"(anonymous_17)","decl":{"start":{"line":122,"column":15},"end":{"line":122,"column":16}},"loc":{"start":{"line":122,"column":26},"end":{"line":124,"column":9}},"line":122}},"branchMap":{"0":{"loc":{"start":{"line":74,"column":8},"end":{"line":75,"column":40}},"type":"if","locations":[{"start":{"line":74,"column":8},"end":{"line":75,"column":40}},{"start":{"line":74,"column":8},"end":{"line":75,"column":40}}],"line":74}},"s":{"0":1,"1":0,"2":0,"3":0,"4":0,"5":0,"6":0,"7":1,"8":0,"9":0,"10":0,"11":0,"12":0,"13":0,"14":0,"15":0,"16":1,"17":0,"18":0,"19":0,"20":0,"21":1,"22":0,"23":0,"24":0,"25":0,"26":0,"27":0,"28":0,"29":0,"30":0,"31":1,"32":0,"33":0,"34":0,"35":0,"36":0},"f":{"0":0,"1":0,"2":0,"3":0,"4":0,"5":0,"6":0,"7":0,"8":0,"9":0,"10":0,"11":0,"12":0,"13":0,"14":0,"15":0,"16":0,"17":0},"b":{"0":[0,0]},"_coverageSchema":"43e27e138ebf9cfc5966b082cf9a028302ed4184","hash":"3bf83eaf1e11022d89254656e0f0ad12cb9a8044"}
,"C:\\Users\\Administrator\\Desktop\\web_proj\\A-Tiny-Encyclopaedia\\frontend\\src\\utils\\history.js": {"path":"C:\\Users\\Administrator\\Desktop\\web_proj\\A-Tiny-Encyclopaedia\\frontend\\src\\utils\\history.js","statementMap":{"0":{"start":{"line":3,"column":23},"end":{"line":3,"column":45}}},"fnMap":{},"branchMap":{},"s":{"0":1},"f":{},"b":{},"_coverageSchema":"43e27e138ebf9cfc5966b082cf9a028302ed4184","hash":"d95172216f8d4e68c48ed9b36bc411b10c49ff83"}
}
